TN:
SF:/Users/evesan/MEGA/Everito.san/OpenProjects/Nearby/app/src/server/lib/index.js
FN:23,(anonymous_1)
FNF:1
FNH:1
FNDA:1,(anonymous_1)
DA:1,1
DA:2,1
DA:3,1
DA:4,1
DA:5,1
DA:6,1
DA:8,1
DA:9,1
DA:10,1
DA:12,1
DA:13,1
DA:15,1
DA:17,1
DA:19,1
DA:20,1
DA:21,1
DA:23,1
DA:24,1
DA:27,1
LF:19
LH:19
BRDA:9,0,0,1
BRDA:9,0,1,1
BRDA:10,1,0,1
BRDA:10,1,1,1
BRDA:15,2,0,1
BRDA:15,2,1,0
BRDA:17,3,0,0
BRDA:17,3,1,1
BRF:8
BRH:6
end_of_record
TN:
SF:/Users/evesan/MEGA/Everito.san/OpenProjects/Nearby/app/src/server/lib/api/error.js
FNF:0
FNH:0
DA:2,0
DA:3,0
DA:4,0
DA:6,0
LF:4
LH:0
BRDA:2,0,0,0
BRDA:2,0,1,0
BRDA:3,1,0,0
BRDA:3,1,1,0
BRF:4
BRH:0
end_of_record
TN:
SF:/Users/evesan/MEGA/Everito.san/OpenProjects/Nearby/app/src/server/lib/api/index.js
FNF:0
FNH:0
DA:1,1
DA:2,1
DA:3,1
DA:4,1
DA:6,1
DA:8,1
DA:20,1
DA:27,1
LF:8
LH:8
BRF:0
BRH:0
end_of_record
TN:
SF:/Users/evesan/MEGA/Everito.san/OpenProjects/Nearby/app/src/server/lib/api/offer.js
FN:5,allOffers
FN:7,(anonymous_2)
FN:10,(anonymous_3)
FN:14,getOffer
FN:16,(anonymous_5)
FN:19,(anonymous_6)
FN:21,putOffer
FN:23,(anonymous_8)
FN:27,(anonymous_9)
FN:30,(anonymous_10)
FN:34,disableOffer
FN:36,(anonymous_12)
FN:40,(anonymous_13)
FN:43,(anonymous_14)
FNF:14
FNH:10
FNDA:1,allOffers
FNDA:1,(anonymous_2)
FNDA:0,(anonymous_3)
FNDA:1,getOffer
FNDA:1,(anonymous_5)
FNDA:0,(anonymous_6)
FNDA:1,putOffer
FNDA:1,(anonymous_8)
FNDA:1,(anonymous_9)
FNDA:0,(anonymous_10)
FNDA:1,disableOffer
FNDA:1,(anonymous_12)
FNDA:1,(anonymous_13)
FNDA:0,(anonymous_14)
DA:1,1
DA:2,1
DA:4,1
DA:6,1
DA:8,1
DA:11,0
DA:15,1
DA:17,1
DA:19,0
DA:22,1
DA:24,1
DA:25,1
DA:28,1
DA:31,0
DA:35,1
DA:37,1
DA:38,1
DA:41,1
DA:43,0
LF:19
LH:15
BRDA:24,0,0,0
BRDA:24,0,1,1
BRF:2
BRH:1
end_of_record
TN:
SF:/Users/evesan/MEGA/Everito.san/OpenProjects/Nearby/app/src/server/lib/api/request.js
FN:5,allRequests
FN:9,(anonymous_2)
FN:12,(anonymous_3)
FN:16,getRequest
FN:20,(anonymous_5)
FN:24,(anonymous_6)
FN:29,postRequest
FN:33,(anonymous_8)
FN:43,(anonymous_9)
FN:48,(anonymous_10)
FN:51,(anonymous_11)
FN:56,putRequest
FN:58,(anonymous_13)
FN:62,(anonymous_14)
FN:65,(anonymous_15)
FN:70,disableRequest
FN:72,(anonymous_17)
FN:77,(anonymous_18)
FN:80,(anonymous_19)
FNF:19
FNH:14
FNDA:1,allRequests
FNDA:1,(anonymous_2)
FNDA:0,(anonymous_3)
FNDA:1,getRequest
FNDA:1,(anonymous_5)
FNDA:0,(anonymous_6)
FNDA:1,postRequest
FNDA:1,(anonymous_8)
FNDA:1,(anonymous_9)
FNDA:1,(anonymous_10)
FNDA:0,(anonymous_11)
FNDA:1,putRequest
FNDA:1,(anonymous_13)
FNDA:1,(anonymous_14)
FNDA:0,(anonymous_15)
FNDA:1,disableRequest
FNDA:1,(anonymous_17)
FNDA:1,(anonymous_18)
FNDA:0,(anonymous_19)
DA:1,1
DA:2,1
DA:4,1
DA:6,1
DA:10,1
DA:13,0
DA:17,1
DA:21,1
DA:22,1
DA:25,0
DA:30,1
DA:31,1
DA:32,1
DA:33,2
DA:34,1
DA:35,1
DA:36,1
DA:37,1
DA:39,1
DA:41,1
DA:44,1
DA:45,1
DA:46,1
DA:49,1
DA:52,0
DA:57,1
DA:59,1
DA:60,1
DA:63,1
DA:66,0
DA:71,1
DA:73,1
DA:74,1
DA:75,1
DA:78,1
DA:81,0
LF:36
LH:31
BRDA:21,0,0,0
BRDA:21,0,1,1
BRDA:34,1,0,0
BRDA:34,1,1,1
BRDA:59,2,0,0
BRDA:59,2,1,1
BRDA:73,3,0,0
BRDA:73,3,1,1
BRF:8
BRH:4
end_of_record
TN:
SF:/Users/evesan/MEGA/Everito.san/OpenProjects/Nearby/app/src/server/lib/api/users.js
FN:6,allUsers
FN:12,(anonymous_2)
FN:15,(anonymous_3)
FN:20,postUser
FN:27,(anonymous_5)
FN:30,(anonymous_6)
FN:36,getUser
FN:41,(anonymous_8)
FN:44,(anonymous_9)
FN:49,putUser
FN:51,(anonymous_11)
FN:55,(anonymous_12)
FN:58,(anonymous_13)
FN:63,deleteUser
FN:65,(anonymous_15)
FN:69,(anonymous_16)
FN:72,(anonymous_17)
FN:77,disableUser
FN:79,(anonymous_19)
FN:85,(anonymous_20)
FN:88,(anonymous_21)
FN:93,deleteRequest
FN:98,(anonymous_23)
FN:105,(anonymous_24)
FN:108,(anonymous_25)
FN:112,(anonymous_26)
FN:115,(anonymous_27)
FN:120,createRequest
FN:125,(anonymous_29)
FN:135,(anonymous_30)
FN:140,(anonymous_31)
FN:143,(anonymous_32)
FN:148,createOffer
FN:151,(anonymous_34)
FN:156,(anonymous_35)
FN:164,(anonymous_36)
FN:169,(anonymous_37)
FN:173,(anonymous_38)
FN:176,(anonymous_39)
FN:179,deleteOffer
FN:186,(anonymous_41)
FN:194,(anonymous_42)
FN:201,(anonymous_43)
FN:205,(anonymous_44)
FN:208,(anonymous_45)
FN:211,(anonymous_46)
FN:216,findDocInArray
FNF:47
FNH:37
FNDA:1,allUsers
FNDA:1,(anonymous_2)
FNDA:0,(anonymous_3)
FNDA:1,postUser
FNDA:1,(anonymous_5)
FNDA:0,(anonymous_6)
FNDA:1,getUser
FNDA:1,(anonymous_8)
FNDA:0,(anonymous_9)
FNDA:1,putUser
FNDA:1,(anonymous_11)
FNDA:1,(anonymous_12)
FNDA:0,(anonymous_13)
FNDA:1,deleteUser
FNDA:1,(anonymous_15)
FNDA:1,(anonymous_16)
FNDA:0,(anonymous_17)
FNDA:1,disableUser
FNDA:1,(anonymous_19)
FNDA:1,(anonymous_20)
FNDA:0,(anonymous_21)
FNDA:1,deleteRequest
FNDA:1,(anonymous_23)
FNDA:1,(anonymous_24)
FNDA:1,(anonymous_25)
FNDA:1,(anonymous_26)
FNDA:0,(anonymous_27)
FNDA:1,createRequest
FNDA:1,(anonymous_29)
FNDA:1,(anonymous_30)
FNDA:1,(anonymous_31)
FNDA:0,(anonymous_32)
FNDA:1,createOffer
FNDA:1,(anonymous_34)
FNDA:1,(anonymous_35)
FNDA:1,(anonymous_36)
FNDA:1,(anonymous_37)
FNDA:1,(anonymous_38)
FNDA:0,(anonymous_39)
FNDA:1,deleteOffer
FNDA:1,(anonymous_41)
FNDA:1,(anonymous_42)
FNDA:1,(anonymous_43)
FNDA:1,(anonymous_44)
FNDA:1,(anonymous_45)
FNDA:0,(anonymous_46)
FNDA:3,findDocInArray
DA:1,1
DA:2,1
DA:4,1
DA:8,1
DA:13,1
DA:16,0
DA:20,6
DA:21,1
DA:22,1
DA:24,1
DA:26,1
DA:28,1
DA:31,0
DA:37,1
DA:42,1
DA:45,0
DA:50,1
DA:52,1
DA:53,1
DA:56,1
DA:59,0
DA:64,1
DA:66,1
DA:67,1
DA:70,1
DA:73,0
DA:78,1
DA:80,1
DA:81,1
DA:83,1
DA:86,1
DA:89,0
DA:95,1
DA:97,1
DA:99,1
DA:100,1
DA:101,1
DA:102,1
DA:103,1
DA:106,1
DA:109,1
DA:110,1
DA:113,1
DA:116,0
DA:121,1
DA:122,1
DA:124,1
DA:125,2
DA:126,1
DA:127,1
DA:128,1
DA:129,1
DA:131,1
DA:133,1
DA:136,1
DA:137,1
DA:138,1
DA:141,1
DA:144,0
DA:149,1
DA:150,1
DA:152,1
DA:153,1
DA:154,1
DA:156,2
DA:157,1
DA:158,1
DA:159,1
DA:160,1
DA:162,1
DA:165,1
DA:166,1
DA:167,1
DA:170,1
DA:171,1
DA:174,1
DA:176,0
DA:180,1
DA:185,1
DA:187,1
DA:188,1
DA:189,1
DA:190,1
DA:191,1
DA:192,1
DA:195,1
DA:196,1
DA:197,1
DA:198,1
DA:199,1
DA:202,1
DA:203,1
DA:206,1
DA:209,1
DA:211,0
DA:217,3
LF:96
LH:86
BRDA:52,0,0,0
BRDA:52,0,1,1
BRDA:66,1,0,0
BRDA:66,1,1,1
BRDA:80,2,0,0
BRDA:80,2,1,1
BRDA:99,3,0,0
BRDA:99,3,1,1
BRDA:101,4,0,0
BRDA:101,4,1,1
BRDA:109,5,0,0
BRDA:109,5,1,1
BRDA:126,6,0,0
BRDA:126,6,1,1
BRDA:152,7,0,0
BRDA:152,7,1,1
BRDA:157,8,0,0
BRDA:157,8,1,1
BRDA:187,9,0,0
BRDA:187,9,1,1
BRDA:189,10,0,0
BRDA:189,10,1,1
BRDA:195,11,0,0
BRDA:195,11,1,1
BRDA:197,12,0,0
BRDA:197,12,1,1
BRF:26
BRH:13
end_of_record
TN:
SF:/Users/evesan/MEGA/Everito.san/OpenProjects/Nearby/app/src/server/lib/models/Offer.js
FNF:0
FNH:0
DA:1,1
DA:2,1
DA:4,1
LF:3
LH:3
BRF:0
BRH:0
end_of_record
TN:
SF:/Users/evesan/MEGA/Everito.san/OpenProjects/Nearby/app/src/server/lib/models/Request.js
FNF:0
FNH:0
DA:1,1
DA:2,1
DA:4,1
LF:3
LH:3
BRF:0
BRH:0
end_of_record
TN:
SF:/Users/evesan/MEGA/Everito.san/OpenProjects/Nearby/app/src/server/lib/models/User.js
FNF:0
FNH:0
DA:1,1
DA:2,1
DA:4,1
LF:3
LH:3
BRF:0
BRH:0
end_of_record
TN:
SF:/Users/evesan/MEGA/Everito.san/OpenProjects/Nearby/app/src/server/lib/models/index.js
FNF:0
FNH:0
DA:1,1
DA:2,1
DA:3,1
DA:5,1
LF:4
LH:4
BRF:0
BRH:0
end_of_record
